#
# There is insufficient memory for the Java Runtime Environment to continue.
# Native memory allocation (mmap) failed to map 65536 bytes for Failed to commit metaspace.
# Possible reasons:
#   The system is out of physical RAM or swap space
#   The process is running with CompressedOops enabled, and the Java Heap may be blocking the growth of the native heap
# Possible solutions:
#   Reduce memory load on the system
#   Increase physical memory or swap space
#   Check if swap backing store is full
#   Decrease Java heap size (-Xmx/-Xms)
#   Decrease number of Java threads
#   Decrease Java thread stack sizes (-Xss)
#   Set larger code cache with -XX:ReservedCodeCacheSize=
#   JVM is running with Unscaled Compressed Oops mode in which the Java heap is
#     placed in the first 4GB address space. The Java Heap base address is the
#     maximum limit for the native heap growth. Please use -XX:HeapBaseMinAddress
#     to set the Java Heap base and to place the Java Heap above 4GB virtual address.
# This output file may be truncated or incomplete.
#
#  Out of Memory Error (virtualSpaceNode.cpp:110), pid=32108, tid=26708
#
# JRE version: Java(TM) SE Runtime Environment (20.0.1+9) (build 20.0.1+9-29)
# Java VM: Java HotSpot(TM) 64-Bit Server VM (20.0.1+9-29, mixed mode, tiered, compressed oops, compressed class ptrs, g1 gc, windows-amd64)
# No core dump will be written. Minidumps are not enabled by default on client versions of Windows
#

---------------  S U M M A R Y ------------

Command Line: factorial

Host: AMD Ryzen 5 5600H with Radeon Graphics         , 12 cores, 7G,  Windows 11 , 64 bit Build 22621 (10.0.22621.3958)
Time: Sun Aug 25 15:59:12 2024 India Standard Time elapsed time: 0.180879 seconds (0d 0h 0m 0s)

---------------  T H R E A D  ---------------

Current thread (0x000002a1215ffb40):  JavaThread "main" [_thread_in_vm, id=26708, stack(0x000000bd70300000,0x000000bd70400000)]

Stack: [0x000000bd70300000,0x000000bd70400000]
Native frames: (J=compiled Java code, j=interpreted, Vv=VM code, C=native code)
V  [jvm.dll+0x6bb95a]
V  [jvm.dll+0x8485fa]
V  [jvm.dll+0x84a1f5]
V  [jvm.dll+0x84a8f3]
V  [jvm.dll+0x280b0f]
V  [jvm.dll+0x84453b]
V  [jvm.dll+0x65fd86]
V  [jvm.dll+0x1eb4e7]
V  [jvm.dll+0x6627a2]
V  [jvm.dll+0x66258e]
V  [jvm.dll+0x66079e]
V  [jvm.dll+0x671929]
V  [jvm.dll+0x66b01e]
V  [jvm.dll+0x3d8d51]
C  0x000002a130be0f50

Java frames: (J=compiled Java code, j=interpreted, Vv=VM code)
j  java.lang.String.compareTo(Ljava/lang/String;)I+0 java.base@20.0.1
j  java.lang.String.compareTo(Ljava/lang/Object;)I+5 java.base@20.0.1
j  java.util.Arrays.binarySearch0([Ljava/lang/Object;IILjava/lang/Object;)I+36 java.base@20.0.1
j  java.util.Arrays.binarySearch([Ljava/lang/Object;Ljava/lang/Object;)I+5 java.base@20.0.1
j  sun.util.cldr.CLDRLocaleProviderAdapter.getParentLocale(Ljava/util/Locale;)Ljava/util/Locale;+70 java.base@20.0.1
j  sun.util.cldr.CLDRLocaleProviderAdapter.applyParentLocales(Ljava/lang/String;Ljava/util/List;)Ljava/util/List;+37 java.base@20.0.1
j  sun.util.cldr.CLDRLocaleProviderAdapter.getCandidateLocales(Ljava/lang/String;Ljava/util/Locale;)Ljava/util/List;+13 java.base@20.0.1
j  sun.util.resources.LocaleData$LocaleDataStrategy.getCandidateLocales(Ljava/lang/String;Ljava/util/Locale;)Ljava/util/List;+88 java.base@20.0.1
j  sun.util.resources.Bundles.loadBundleOf(Ljava/lang/String;Ljava/util/Locale;Lsun/util/resources/Bundles$Strategy;)Ljava/util/ResourceBundle;+99 java.base@20.0.1
j  sun.util.resources.Bundles.of(Ljava/lang/String;Ljava/util/Locale;Lsun/util/resources/Bundles$Strategy;)Ljava/util/ResourceBundle;+3 java.base@20.0.1
j  sun.util.resources.LocaleData$1.run()Ljava/util/ResourceBundle;+11 java.base@20.0.1
j  sun.util.resources.LocaleData$1.run()Ljava/lang/Object;+1 java.base@20.0.1
j  java.security.AccessController.executePrivileged(Ljava/security/PrivilegedAction;Ljava/security/AccessControlContext;Ljava/lang/Class;)Ljava/lang/Object;+29 java.base@20.0.1
j  java.security.AccessController.doPrivileged(Ljava/security/PrivilegedAction;)Ljava/lang/Object;+5 java.base@20.0.1
j  sun.util.resources.LocaleData.getBundle(Ljava/lang/String;Ljava/util/Locale;)Ljava/util/ResourceBundle;+9 java.base@20.0.1
j  sun.util.resources.LocaleData.getNumberFormatData(Ljava/util/Locale;)Ljava/util/ResourceBundle;+26 java.base@20.0.1
j  sun.util.locale.provider.LocaleResources.getNumberPatterns()[Ljava/lang/String;+44 java.base@20.0.1
j  sun.util.locale.provider.NumberFormatProviderImpl.getInstance(Ljava/util/Locale;I)Ljava/text/NumberFormat;+45 java.base@20.0.1
j  sun.util.locale.provider.NumberFormatProviderImpl.getNumberInstance(Ljava/util/Locale;)Ljava/text/NumberFormat;+3 java.base@20.0.1
j  java.text.NumberFormat.getInstance(Lsun/util/locale/provider/LocaleProviderAdapter;Ljava/util/Locale;Ljava/text/NumberFormat$Style;I)Ljava/text/NumberFormat;+47 java.base@20.0.1
j  java.text.NumberFormat.getInstance(Ljava/util/Locale;Ljava/text/NumberFormat$Style;I)Ljava/text/NumberFormat;+11 java.base@20.0.1
j  java.text.NumberFormat.getNumberInstance(Ljava/util/Locale;)Ljava/text/NumberFormat;+3 java.base@20.0.1
j  java.util.Scanner.useLocale(Ljava/util/Locale;)Ljava/util/Scanner;+31 java.base@20.0.1
j  java.util.Scanner.<init>(Ljava/lang/Readable;Ljava/util/regex/Pattern;)V+243 java.base@20.0.1
j  java.util.Scanner.<init>(Ljava/io/InputStream;)V+12 java.base@20.0.1
j  factorial.main([Ljava/lang/String;)V+7
v  ~StubRoutines::call_stub 0x000002a130bc100d

---------------  P R O C E S S  ---------------

Threads class SMR info:
_java_thread_list=0x000002a14263de10, length=11, elements={
0x000002a1215ffb40, 0x000002a142498550, 0x000002a142499520, 0x000002a1424b96b0,
0x000002a1424bc000, 0x000002a1424bd730, 0x000002a1424deab0, 0x000002a1424a6760,
0x000002a1424e9f20, 0x000002a1426615e0, 0x000002a14266f650
}

Java Threads: ( => current thread )
=>0x000002a1215ffb40 JavaThread "main" [_thread_in_vm, id=26708, stack(0x000000bd70300000,0x000000bd70400000)]
  0x000002a142498550 JavaThread "Reference Handler" daemon [_thread_blocked, id=32552, stack(0x000000bd70a00000,0x000000bd70b00000)]
  0x000002a142499520 JavaThread "Finalizer" daemon [_thread_blocked, id=13788, stack(0x000000bd70b00000,0x000000bd70c00000)]
  0x000002a1424b96b0 JavaThread "Signal Dispatcher" daemon [_thread_blocked, id=33436, stack(0x000000bd70c00000,0x000000bd70d00000)]
  0x000002a1424bc000 JavaThread "Attach Listener" daemon [_thread_blocked, id=18960, stack(0x000000bd70d00000,0x000000bd70e00000)]
  0x000002a1424bd730 JavaThread "Service Thread" daemon [_thread_blocked, id=20920, stack(0x000000bd70e00000,0x000000bd70f00000)]
  0x000002a1424deab0 JavaThread "Monitor Deflation Thread" daemon [_thread_blocked, id=27356, stack(0x000000bd70f00000,0x000000bd71000000)]
  0x000002a1424a6760 JavaThread "C2 CompilerThread0" daemon [_thread_blocked, id=1588, stack(0x000000bd71000000,0x000000bd71100000)]
  0x000002a1424e9f20 JavaThread "C1 CompilerThread0" daemon [_thread_blocked, id=32616, stack(0x000000bd71100000,0x000000bd71200000)]
  0x000002a1426615e0 JavaThread "Notification Thread" daemon [_thread_blocked, id=18952, stack(0x000000bd71200000,0x000000bd71300000)]
  0x000002a14266f650 JavaThread "Common-Cleaner" daemon [_thread_blocked, id=33964, stack(0x000000bd71400000,0x000000bd71500000)]

Other Threads:
  0x000002a12165b720 VMThread "VM Thread" [stack: 0x000000bd70900000,0x000000bd70a00000] [id=30116]
  0x000002a14266c970 WatcherThread "VM Periodic Task Thread" [stack: 0x000000bd71300000,0x000000bd71400000] [id=30940]
  0x000002a12165b9f0 WorkerThread "GC Thread#0" [stack: 0x000000bd70400000,0x000000bd70500000] [id=31592]
  0x000002a12166ccf0 ConcurrentGCThread "G1 Main Marker" [stack: 0x000000bd70500000,0x000000bd70600000] [id=15884]
  0x000002a12165b450 WorkerThread "G1 Conc#0" [stack: 0x000000bd70600000,0x000000bd70700000] [id=28752]
  0x000002a12169eb10 ConcurrentGCThread "G1 Refine#0" [stack: 0x000000bd70700000,0x000000bd70800000] [id=31572]
  0x000002a13da34740 ConcurrentGCThread "G1 Service" [stack: 0x000000bd70800000,0x000000bd70900000] [id=6156]

Threads with active compile tasks:

VM state: not at safepoint (normal execution)

VM Mutex/Monitor currently owned by a thread:  ([mutex/lock_event])
[0x000002a11f4569b0] Metaspace_lock - owner thread: 0x000002a1215ffb40

Heap address: 0x000000008a800000, size: 1880 MB, Compressed Oops mode: 32-bit

CDS archive(s) not mapped
Compressed class space mapped at: 0x0000000100000000-0x0000000140000000, reserved size: 1073741824
Narrow klass base: 0x0000000000000000, Narrow klass shift: 3, Narrow klass range: 0x140000000

GC Precious Log:
 CardTable entry size: 512
 Card Set container configuration: InlinePtr #cards 5 size 8 Array Of Cards #cards 12 size 40 Howl #buckets 4 coarsen threshold 1843 Howl Bitmap #cards 512 size 80 coarsen threshold 460 Card regions per heap region 1 cards per card region 2048
 CPUs: 12 total, 12 available
 Memory: 7519M
 Large Page Support: Disabled
 NUMA Support: Disabled
 Compressed Oops: Enabled (32-bit)
 Heap Region Size: 1M
 Heap Min Capacity: 8M
 Heap Initial Capacity: 118M
 Heap Max Capacity: 1880M
 Pre-touch: Disabled
 Parallel Workers: 10
 Concurrent Workers: 3
 Concurrent Refinement Workers: 10
 Periodic GC: Disabled

Heap:
 garbage-first heap   total 120832K, used 2048K [0x000000008a800000, 0x0000000100000000)
  region size 1024K, 3 young (3072K), 0 survivors (0K)
 Metaspace       used 6405K, committed 6528K, reserved 1114112K
  class space    used 512K, committed 576K, reserved 1048576K

Heap Regions: E=young(eden), S=young(survivor), O=old, HS=humongous(starts), HC=humongous(continues), CS=collection set, F=free, OA=open archive, CA=closed archive, TAMS=top-at-mark-start, PB=parsable bottom
|   0|0x000000008a800000, 0x000000008a800000, 0x000000008a900000|  0%| F|  |TAMS 0x000000008a800000| PB 0x000000008a800000| Untracked 
|   1|0x000000008a900000, 0x000000008a900000, 0x000000008aa00000|  0%| F|  |TAMS 0x000000008a900000| PB 0x000000008a900000| Untracked 
|   2|0x000000008aa00000, 0x000000008aa00000, 0x000000008ab00000|  0%| F|  |TAMS 0x000000008aa00000| PB 0x000000008aa00000| Untracked 
|   3|0x000000008ab00000, 0x000000008ab00000, 0x000000008ac00000|  0%| F|  |TAMS 0x000000008ab00000| PB 0x000000008ab00000| Untracked 
|   4|0x000000008ac00000, 0x000000008ac00000, 0x000000008ad00000|  0%| F|  |TAMS 0x000000008ac00000| PB 0x000000008ac00000| Untracked 
|   5|0x000000008ad00000, 0x000000008ad00000, 0x000000008ae00000|  0%| F|  |TAMS 0x000000008ad00000| PB 0x000000008ad00000| Untracked 
|   6|0x000000008ae00000, 0x000000008ae00000, 0x000000008af00000|  0%| F|  |TAMS 0x000000008ae00000| PB 0x000000008ae00000| Untracked 
|   7|0x000000008af00000, 0x000000008af00000, 0x000000008b000000|  0%| F|  |TAMS 0x000000008af00000| PB 0x000000008af00000| Untracked 
|   8|0x000000008b000000, 0x000000008b000000, 0x000000008b100000|  0%| F|  |TAMS 0x000000008b000000| PB 0x000000008b000000| Untracked 
|   9|0x000000008b100000, 0x000000008b100000, 0x000000008b200000|  0%| F|  |TAMS 0x000000008b100000| PB 0x000000008b100000| Untracked 
|  10|0x000000008b200000, 0x000000008b200000, 0x000000008b300000|  0%| F|  |TAMS 0x000000008b200000| PB 0x000000008b200000| Untracked 
|  11|0x000000008b300000, 0x000000008b300000, 0x000000008b400000|  0%| F|  |TAMS 0x000000008b300000| PB 0x000000008b300000| Untracked 
|  12|0x000000008b400000, 0x000000008b400000, 0x000000008b500000|  0%| F|  |TAMS 0x000000008b400000| PB 0x000000008b400000| Untracked 
|  13|0x000000008b500000, 0x000000008b500000, 0x000000008b600000|  0%| F|  |TAMS 0x000000008b500000| PB 0x000000008b500000| Untracked 
|  14|0x000000008b600000, 0x000000008b600000, 0x000000008b700000|  0%| F|  |TAMS 0x000000008b600000| PB 0x000000008b600000| Untracked 
|  15|0x000000008b700000, 0x000000008b700000, 0x000000008b800000|  0%| F|  |TAMS 0x000000008b700000| PB 0x000000008b700000| Untracked 
|  16|0x000000008b800000, 0x000000008b800000, 0x000000008b900000|  0%| F|  |TAMS 0x000000008b800000| PB 0x000000008b800000| Untracked 
|  17|0x000000008b900000, 0x000000008b900000, 0x000000008ba00000|  0%| F|  |TAMS 0x000000008b900000| PB 0x000000008b900000| Untracked 
|  18|0x000000008ba00000, 0x000000008ba00000, 0x000000008bb00000|  0%| F|  |TAMS 0x000000008ba00000| PB 0x000000008ba00000| Untracked 
|  19|0x000000008bb00000, 0x000000008bb00000, 0x000000008bc00000|  0%| F|  |TAMS 0x000000008bb00000| PB 0x000000008bb00000| Untracked 
|  20|0x000000008bc00000, 0x000000008bc00000, 0x000000008bd00000|  0%| F|  |TAMS 0x000000008bc00000| PB 0x000000008bc00000| Untracked 
|  21|0x000000008bd00000, 0x000000008bd00000, 0x000000008be00000|  0%| F|  |TAMS 0x000000008bd00000| PB 0x000000008bd00000| Untracked 
|  22|0x000000008be00000, 0x000000008be00000, 0x000000008bf00000|  0%| F|  |TAMS 0x000000008be00000| PB 0x000000008be00000| Untracked 
|  23|0x000000008bf00000, 0x000000008bf00000, 0x000000008c000000|  0%| F|  |TAMS 0x000000008bf00000| PB 0x000000008bf00000| Untracked 
|  24|0x000000008c000000, 0x000000008c000000, 0x000000008c100000|  0%| F|  |TAMS 0x000000008c000000| PB 0x000000008c000000| Untracked 
|  25|0x000000008c100000, 0x000000008c100000, 0x000000008c200000|  0%| F|  |TAMS 0x000000008c100000| PB 0x000000008c100000| Untracked 
|  26|0x000000008c200000, 0x000000008c200000, 0x000000008c300000|  0%| F|  |TAMS 0x000000008c200000| PB 0x000000008c200000| Untracked 
|  27|0x000000008c300000, 0x000000008c300000, 0x000000008c400000|  0%| F|  |TAMS 0x000000008c300000| PB 0x000000008c300000| Untracked 
|  28|0x000000008c400000, 0x000000008c400000, 0x000000008c500000|  0%| F|  |TAMS 0x000000008c400000| PB 0x000000008c400000| Untracked 
|  29|0x000000008c500000, 0x000000008c500000, 0x000000008c600000|  0%| F|  |TAMS 0x000000008c500000| PB 0x000000008c500000| Untracked 
|  30|0x000000008c600000, 0x000000008c600000, 0x000000008c700000|  0%| F|  |TAMS 0x000000008c600000| PB 0x000000008c600000| Untracked 
|  31|0x000000008c700000, 0x000000008c700000, 0x000000008c800000|  0%| F|  |TAMS 0x000000008c700000| PB 0x000000008c700000| Untracked 
|  32|0x000000008c800000, 0x000000008c800000, 0x000000008c900000|  0%| F|  |TAMS 0x000000008c800000| PB 0x000000008c800000| Untracked 
|  33|0x000000008c900000, 0x000000008c900000, 0x000000008ca00000|  0%| F|  |TAMS 0x000000008c900000| PB 0x000000008c900000| Untracked 
|  34|0x000000008ca00000, 0x000000008ca00000, 0x000000008cb00000|  0%| F|  |TAMS 0x000000008ca00000| PB 0x000000008ca00000| Untracked 
|  35|0x000000008cb00000, 0x000000008cb00000, 0x000000008cc00000|  0%| F|  |TAMS 0x000000008cb00000| PB 0x000000008cb00000| Untracked 
|  36|0x000000008cc00000, 0x000000008cc00000, 0x000000008cd00000|  0%| F|  |TAMS 0x000000008cc00000| PB 0x000000008cc00000| Untracked 
|  37|0x000000008cd00000, 0x000000008cd00000, 0x000000008ce00000|  0%| F|  |TAMS 0x000000008cd00000| PB 0x000000008cd00000| Untracked 
|  38|0x000000008ce00000, 0x000000008ce00000, 0x000000008cf00000|  0%| F|  |TAMS 0x000000008ce00000| PB 0x000000008ce00000| Untracked 
|  39|0x000000008cf00000, 0x000000008cf00000, 0x000000008d000000|  0%| F|  |TAMS 0x000000008cf00000| PB 0x000000008cf00000| Untracked 
|  40|0x000000008d000000, 0x000000008d000000, 0x000000008d100000|  0%| F|  |TAMS 0x000000008d000000| PB 0x000000008d000000| Untracked 
|  41|0x000000008d100000, 0x000000008d100000, 0x000000008d200000|  0%| F|  |TAMS 0x000000008d100000| PB 0x000000008d100000| Untracked 
|  42|0x000000008d200000, 0x000000008d200000, 0x000000008d300000|  0%| F|  |TAMS 0x000000008d200000| PB 0x000000008d200000| Untracked 
|  43|0x000000008d300000, 0x000000008d300000, 0x000000008d400000|  0%| F|  |TAMS 0x000000008d300000| PB 0x000000008d300000| Untracked 
|  44|0x000000008d400000, 0x000000008d400000, 0x000000008d500000|  0%| F|  |TAMS 0x000000008d400000| PB 0x000000008d400000| Untracked 
|  45|0x000000008d500000, 0x000000008d500000, 0x000000008d600000|  0%| F|  |TAMS 0x000000008d500000| PB 0x000000008d500000| Untracked 
|  46|0x000000008d600000, 0x000000008d600000, 0x000000008d700000|  0%| F|  |TAMS 0x000000008d600000| PB 0x000000008d600000| Untracked 
|  47|0x000000008d700000, 0x000000008d700000, 0x000000008d800000|  0%| F|  |TAMS 0x000000008d700000| PB 0x000000008d700000| Untracked 
|  48|0x000000008d800000, 0x000000008d800000, 0x000000008d900000|  0%| F|  |TAMS 0x000000008d800000| PB 0x000000008d800000| Untracked 
|  49|0x000000008d900000, 0x000000008d900000, 0x000000008da00000|  0%| F|  |TAMS 0x000000008d900000| PB 0x000000008d900000| Untracked 
|  50|0x000000008da00000, 0x000000008da00000, 0x000000008db00000|  0%| F|  |TAMS 0x000000008da00000| PB 0x000000008da00000| Untracked 
|  51|0x000000008db00000, 0x000000008db00000, 0x000000008dc00000|  0%| F|  |TAMS 0x000000008db00000| PB 0x000000008db00000| Untracked 
|  52|0x000000008dc00000, 0x000000008dc00000, 0x000000008dd00000|  0%| F|  |TAMS 0x000000008dc00000| PB 0x000000008dc00000| Untracked 
|  53|0x000000008dd00000, 0x000000008dd00000, 0x000000008de00000|  0%| F|  |TAMS 0x000000008dd00000| PB 0x000000008dd00000| Untracked 
|  54|0x000000008de00000, 0x000000008de00000, 0x000000008df00000|  0%| F|  |TAMS 0x000000008de00000| PB 0x000000008de00000| Untracked 
|  55|0x000000008df00000, 0x000000008df00000, 0x000000008e000000|  0%| F|  |TAMS 0x000000008df00000| PB 0x000000008df00000| Untracked 
|  56|0x000000008e000000, 0x000000008e000000, 0x000000008e100000|  0%| F|  |TAMS 0x000000008e000000| PB 0x000000008e000000| Untracked 
|  57|0x000000008e100000, 0x000000008e100000, 0x000000008e200000|  0%| F|  |TAMS 0x000000008e100000| PB 0x000000008e100000| Untracked 
|  58|0x000000008e200000, 0x000000008e200000, 0x000000008e300000|  0%| F|  |TAMS 0x000000008e200000| PB 0x000000008e200000| Untracked 
|  59|0x000000008e300000, 0x000000008e300000, 0x000000008e400000|  0%| F|  |TAMS 0x000000008e300000| PB 0x000000008e300000| Untracked 
|  60|0x000000008e400000, 0x000000008e400000, 0x000000008e500000|  0%| F|  |TAMS 0x000000008e400000| PB 0x000000008e400000| Untracked 
|  61|0x000000008e500000, 0x000000008e500000, 0x000000008e600000|  0%| F|  |TAMS 0x000000008e500000| PB 0x000000008e500000| Untracked 
|  62|0x000000008e600000, 0x000000008e600000, 0x000000008e700000|  0%| F|  |TAMS 0x000000008e600000| PB 0x000000008e600000| Untracked 
|  63|0x000000008e700000, 0x000000008e700000, 0x000000008e800000|  0%| F|  |TAMS 0x000000008e700000| PB 0x000000008e700000| Untracked 
|  64|0x000000008e800000, 0x000000008e800000, 0x000000008e900000|  0%| F|  |TAMS 0x000000008e800000| PB 0x000000008e800000| Untracked 
|  65|0x000000008e900000, 0x000000008e900000, 0x000000008ea00000|  0%| F|  |TAMS 0x000000008e900000| PB 0x000000008e900000| Untracked 
|  66|0x000000008ea00000, 0x000000008ea00000, 0x000000008eb00000|  0%| F|  |TAMS 0x000000008ea00000| PB 0x000000008ea00000| Untracked 
|  67|0x000000008eb00000, 0x000000008eb00000, 0x000000008ec00000|  0%| F|  |TAMS 0x000000008eb00000| PB 0x000000008eb00000| Untracked 
|  68|0x000000008ec00000, 0x000000008ec00000, 0x000000008ed00000|  0%| F|  |TAMS 0x000000008ec00000| PB 0x000000008ec00000| Untracked 
|  69|0x000000008ed00000, 0x000000008ed00000, 0x000000008ee00000|  0%| F|  |TAMS 0x000000008ed00000| PB 0x000000008ed00000| Untracked 
|  70|0x000000008ee00000, 0x000000008ee00000, 0x000000008ef00000|  0%| F|  |TAMS 0x000000008ee00000| PB 0x000000008ee00000| Untracked 
|  71|0x000000008ef00000, 0x000000008ef00000, 0x000000008f000000|  0%| F|  |TAMS 0x000000008ef00000| PB 0x000000008ef00000| Untracked 
|  72|0x000000008f000000, 0x000000008f000000, 0x000000008f100000|  0%| F|  |TAMS 0x000000008f000000| PB 0x000000008f000000| Untracked 
|  73|0x000000008f100000, 0x000000008f100000, 0x000000008f200000|  0%| F|  |TAMS 0x000000008f100000| PB 0x000000008f100000| Untracked 
|  74|0x000000008f200000, 0x000000008f200000, 0x000000008f300000|  0%| F|  |TAMS 0x000000008f200000| PB 0x000000008f200000| Untracked 
|  75|0x000000008f300000, 0x000000008f300000, 0x000000008f400000|  0%| F|  |TAMS 0x000000008f300000| PB 0x000000008f300000| Untracked 
|  76|0x000000008f400000, 0x000000008f400000, 0x000000008f500000|  0%| F|  |TAMS 0x000000008f400000| PB 0x000000008f400000| Untracked 
|  77|0x000000008f500000, 0x000000008f500000, 0x000000008f600000|  0%| F|  |TAMS 0x000000008f500000| PB 0x000000008f500000| Untracked 
|  78|0x000000008f600000, 0x000000008f600000, 0x000000008f700000|  0%| F|  |TAMS 0x000000008f600000| PB 0x000000008f600000| Untracked 
|  79|0x000000008f700000, 0x000000008f700000, 0x000000008f800000|  0%| F|  |TAMS 0x000000008f700000| PB 0x000000008f700000| Untracked 
|  80|0x000000008f800000, 0x000000008f800000, 0x000000008f900000|  0%| F|  |TAMS 0x000000008f800000| PB 0x000000008f800000| Untracked 
|  81|0x000000008f900000, 0x000000008f900000, 0x000000008fa00000|  0%| F|  |TAMS 0x000000008f900000| PB 0x000000008f900000| Untracked 
|  82|0x000000008fa00000, 0x000000008fa00000, 0x000000008fb00000|  0%| F|  |TAMS 0x000000008fa00000| PB 0x000000008fa00000| Untracked 
|  83|0x000000008fb00000, 0x000000008fb00000, 0x000000008fc00000|  0%| F|  |TAMS 0x000000008fb00000| PB 0x000000008fb00000| Untracked 
|  84|0x000000008fc00000, 0x000000008fc00000, 0x000000008fd00000|  0%| F|  |TAMS 0x000000008fc00000| PB 0x000000008fc00000| Untracked 
|  85|0x000000008fd00000, 0x000000008fd00000, 0x000000008fe00000|  0%| F|  |TAMS 0x000000008fd00000| PB 0x000000008fd00000| Untracked 
|  86|0x000000008fe00000, 0x000000008fe00000, 0x000000008ff00000|  0%| F|  |TAMS 0x000000008fe00000| PB 0x000000008fe00000| Untracked 
|  87|0x000000008ff00000, 0x000000008ff00000, 0x0000000090000000|  0%| F|  |TAMS 0x000000008ff00000| PB 0x000000008ff00000| Untracked 
|  88|0x0000000090000000, 0x0000000090000000, 0x0000000090100000|  0%| F|  |TAMS 0x0000000090000000| PB 0x0000000090000000| Untracked 
|  89|0x0000000090100000, 0x0000000090100000, 0x0000000090200000|  0%| F|  |TAMS 0x0000000090100000| PB 0x0000000090100000| Untracked 
|  90|0x0000000090200000, 0x0000000090200000, 0x0000000090300000|  0%| F|  |TAMS 0x0000000090200000| PB 0x0000000090200000| Untracked 
|  91|0x0000000090300000, 0x0000000090300000, 0x0000000090400000|  0%| F|  |TAMS 0x0000000090300000| PB 0x0000000090300000| Untracked 
|  92|0x0000000090400000, 0x0000000090400000, 0x0000000090500000|  0%| F|  |TAMS 0x0000000090400000| PB 0x0000000090400000| Untracked 
|  93|0x0000000090500000, 0x0000000090500000, 0x0000000090600000|  0%| F|  |TAMS 0x0000000090500000| PB 0x0000000090500000| Untracked 
|  94|0x0000000090600000, 0x0000000090600000, 0x0000000090700000|  0%| F|  |TAMS 0x0000000090600000| PB 0x0000000090600000| Untracked 
|  95|0x0000000090700000, 0x0000000090700000, 0x0000000090800000|  0%| F|  |TAMS 0x0000000090700000| PB 0x0000000090700000| Untracked 
|  96|0x0000000090800000, 0x0000000090800000, 0x0000000090900000|  0%| F|  |TAMS 0x0000000090800000| PB 0x0000000090800000| Untracked 
|  97|0x0000000090900000, 0x0000000090900000, 0x0000000090a00000|  0%| F|  |TAMS 0x0000000090900000| PB 0x0000000090900000| Untracked 
|  98|0x0000000090a00000, 0x0000000090a00000, 0x0000000090b00000|  0%| F|  |TAMS 0x0000000090a00000| PB 0x0000000090a00000| Untracked 
|  99|0x0000000090b00000, 0x0000000090b00000, 0x0000000090c00000|  0%| F|  |TAMS 0x0000000090b00000| PB 0x0000000090b00000| Untracked 
| 100|0x0000000090c00000, 0x0000000090c00000, 0x0000000090d00000|  0%| F|  |TAMS 0x0000000090c00000| PB 0x0000000090c00000| Untracked 
| 101|0x0000000090d00000, 0x0000000090d00000, 0x0000000090e00000|  0%| F|  |TAMS 0x0000000090d00000| PB 0x0000000090d00000| Untracked 
| 102|0x0000000090e00000, 0x0000000090e00000, 0x0000000090f00000|  0%| F|  |TAMS 0x0000000090e00000| PB 0x0000000090e00000| Untracked 
| 103|0x0000000090f00000, 0x0000000090f00000, 0x0000000091000000|  0%| F|  |TAMS 0x0000000090f00000| PB 0x0000000090f00000| Untracked 
| 104|0x0000000091000000, 0x0000000091000000, 0x0000000091100000|  0%| F|  |TAMS 0x0000000091000000| PB 0x0000000091000000| Untracked 
| 105|0x0000000091100000, 0x0000000091100000, 0x0000000091200000|  0%| F|  |TAMS 0x0000000091100000| PB 0x0000000091100000| Untracked 
| 106|0x0000000091200000, 0x0000000091200000, 0x0000000091300000|  0%| F|  |TAMS 0x0000000091200000| PB 0x0000000091200000| Untracked 
| 107|0x0000000091300000, 0x0000000091300000, 0x0000000091400000|  0%| F|  |TAMS 0x0000000091300000| PB 0x0000000091300000| Untracked 
| 108|0x0000000091400000, 0x0000000091400000, 0x0000000091500000|  0%| F|  |TAMS 0x0000000091400000| PB 0x0000000091400000| Untracked 
| 109|0x0000000091500000, 0x0000000091500000, 0x0000000091600000|  0%| F|  |TAMS 0x0000000091500000| PB 0x0000000091500000| Untracked 
| 110|0x0000000091600000, 0x0000000091600000, 0x0000000091700000|  0%| F|  |TAMS 0x0000000091600000| PB 0x0000000091600000| Untracked 
| 111|0x0000000091700000, 0x0000000091700000, 0x0000000091800000|  0%| F|  |TAMS 0x0000000091700000| PB 0x0000000091700000| Untracked 
| 112|0x0000000091800000, 0x0000000091800000, 0x0000000091900000|  0%| F|  |TAMS 0x0000000091800000| PB 0x0000000091800000| Untracked 
| 113|0x0000000091900000, 0x0000000091900000, 0x0000000091a00000|  0%| F|  |TAMS 0x0000000091900000| PB 0x0000000091900000| Untracked 
| 114|0x0000000091a00000, 0x0000000091a00000, 0x0000000091b00000|  0%| F|  |TAMS 0x0000000091a00000| PB 0x0000000091a00000| Untracked 
| 115|0x0000000091b00000, 0x0000000091b76458, 0x0000000091c00000| 46%| E|  |TAMS 0x0000000091b00000| PB 0x0000000091b00000| Complete 
| 116|0x0000000091c00000, 0x0000000091d00000, 0x0000000091d00000|100%| E|CS|TAMS 0x0000000091c00000| PB 0x0000000091c00000| Complete 
| 117|0x0000000091d00000, 0x0000000091e00000, 0x0000000091e00000|100%| E|CS|TAMS 0x0000000091d00000| PB 0x0000000091d00000| Complete 

Card table byte_map: [0x000002a138f90000,0x000002a139340000] _byte_map_base: 0x000002a138b3c000

Marking Bits: (CMBitMap*) 0x000002a12165d770
 Bits: [0x000002a1396f0000, 0x000002a13b450000)

Polling page: 0x000002a11f540000

Metaspace:

Usage:
  Non-class:      5.75 MB used.
      Class:    512.48 KB used.
       Both:      6.26 MB used.

Virtual space:
  Non-class space:       64.00 MB reserved,       5.81 MB (  9%) committed,  1 nodes.
      Class space:        1.00 GB reserved,     576.00 KB ( <1%) committed,  1 nodes.
             Both:        1.06 GB reserved,       6.38 MB ( <1%) committed. 

Chunk freelists:
   Non-Class:  2.12 MB
       Class:  3.25 MB
        Both:  5.37 MB

MaxMetaspaceSize: unlimited
CompressedClassSpaceSize: 1.00 GB
Initial GC threshold: 21.00 MB
Current GC threshold: 21.00 MB
CDS: off
MetaspaceReclaimPolicy: balanced
 - commit_granule_bytes: 65536.
 - commit_granule_words: 8192.
 - virtual_space_node_default_size: 8388608.
 - enlarge_chunks_in_place: 1.
 - new_chunks_are_fully_committed: 0.
 - uncommit_free_chunks: 1.
 - use_allocation_guard: 0.


Internal statistics:

num_allocs_failed_limit: 0.
num_arena_births: 8.
num_arena_deaths: 0.
num_vsnodes_births: 2.
num_vsnodes_deaths: 0.
num_space_committed: 102.
num_space_uncommitted: 0.
num_chunks_returned_to_freelist: 0.
num_chunks_taken_from_freelist: 19.
num_chunk_merges: 0.
num_chunk_splits: 5.
num_chunks_enlarged: 1.
num_inconsistent_stats: 0.

CodeHeap 'non-profiled nmethods': size=120000Kb used=54Kb max_used=54Kb free=119945Kb
 bounds [0x000002a131160000, 0x000002a1313d0000, 0x000002a138690000]
CodeHeap 'profiled nmethods': size=120000Kb used=153Kb max_used=153Kb free=119846Kb
 bounds [0x000002a129690000, 0x000002a129900000, 0x000002a130bc0000]
CodeHeap 'non-nmethods': size=5760Kb used=1309Kb max_used=1324Kb free=4450Kb
 bounds [0x000002a130bc0000, 0x000002a130e30000, 0x000002a131160000]
 total_blobs=526 nmethods=156 adapters=281
 compilation: enabled
              stopped_count=0, restarted_count=0
 full_count=0

Compilation events (20 events):
Event: 0.174 Thread 0x000002a1424e9f20  139       3       java.util.ArrayList::add (23 bytes)
Event: 0.174 Thread 0x000002a1424e9f20 nmethod 139 0x000002a1296b3010 code [0x000002a1296b31c0, 0x000002a1296b3550]
Event: 0.174 Thread 0x000002a1424e9f20  142       3       java.util.regex.Matcher::start (9 bytes)
Event: 0.174 Thread 0x000002a1424e9f20 nmethod 142 0x000002a1296b3710 code [0x000002a1296b38c0, 0x000002a1296b3bb8]
Event: 0.174 Thread 0x000002a1424e9f20  143       3       java.util.regex.Matcher::end (9 bytes)
Event: 0.174 Thread 0x000002a1424e9f20 nmethod 143 0x000002a1296b3d10 code [0x000002a1296b3ec0, 0x000002a1296b41b8]
Event: 0.174 Thread 0x000002a1424e9f20  144       3       java.util.regex.Matcher::find (69 bytes)
Event: 0.174 Thread 0x000002a1424e9f20 nmethod 144 0x000002a1296b4310 code [0x000002a1296b44c0, 0x000002a1296b47b8]
Event: 0.174 Thread 0x000002a1424e9f20  147       3       java.lang.String::subSequence (7 bytes)
Event: 0.174 Thread 0x000002a1424e9f20 nmethod 147 0x000002a1296b4890 code [0x000002a1296b4a20, 0x000002a1296b4b58]
Event: 0.174 Thread 0x000002a1424e9f20  146       3       java.util.regex.Pattern$LastNode::match (45 bytes)
Event: 0.174 Thread 0x000002a1424e9f20 nmethod 146 0x000002a1296b4c10 code [0x000002a1296b4da0, 0x000002a1296b4fb8]
Event: 0.176 Thread 0x000002a1424a6760 nmethod 149 0x000002a13116b390 code [0x000002a13116b540, 0x000002a13116b980]
Event: 0.176 Thread 0x000002a1424a6760  150       4       java.util.regex.Matcher::search (154 bytes)
Event: 0.178 Thread 0x000002a1424e9f20  152       3       java.lang.invoke.MethodType::parameterCount (6 bytes)
Event: 0.178 Thread 0x000002a1424e9f20 nmethod 152 0x000002a1296b5110 code [0x000002a1296b52a0, 0x000002a1296b53b8]
Event: 0.178 Thread 0x000002a1424e9f20  155       3       jdk.internal.org.objectweb.asm.Symbol::<init> (38 bytes)
Event: 0.178 Thread 0x000002a1424e9f20 nmethod 155 0x000002a1296b5490 code [0x000002a1296b5620, 0x000002a1296b58b8]
Event: 0.178 Thread 0x000002a1424e9f20  156       3       jdk.internal.org.objectweb.asm.SymbolTable::put (150 bytes)
Event: 0.178 Thread 0x000002a1424e9f20 nmethod 156 0x000002a1296b5990 code [0x000002a1296b5b80, 0x000002a1296b63c0]

GC Heap History (0 events):
No events

Dll operation events (3 events):
Event: 0.007 Loaded shared library C:\Program Files\Java\jdk-20\bin\java.dll
Event: 0.044 Loaded shared library C:\Program Files\Java\jdk-20\bin\jsvml.dll
Event: 0.165 Loaded shared library C:\Program Files\Java\jdk-20\bin\jimage.dll

Deoptimization events (0 events):
No events

Classes loaded (20 events):
Event: 0.177 Loading class sun/util/resources/Bundles$1
Event: 0.177 Loading class sun/util/resources/Bundles$1 done
Event: 0.177 Loading class java/util/ResourceBundle$1
Event: 0.177 Loading class jdk/internal/access/JavaUtilResourceBundleAccess
Event: 0.177 Loading class jdk/internal/access/JavaUtilResourceBundleAccess done
Event: 0.177 Loading class java/util/ResourceBundle$1 done
Event: 0.177 Loading class java/util/ResourceBundle$2
Event: 0.177 Loading class java/util/ResourceBundle$2 done
Event: 0.177 Loading class sun/util/resources/Bundles$CacheKey
Event: 0.177 Loading class sun/util/resources/Bundles$CacheKey done
Event: 0.177 Loading class sun/util/resources/LocaleData$CommonResourceBundleProvider
Event: 0.177 Loading class sun/util/resources/LocaleData$LocaleDataResourceBundleProvider
Event: 0.177 Loading class java/util/spi/ResourceBundleProvider
Event: 0.177 Loading class java/util/spi/ResourceBundleProvider done
Event: 0.177 Loading class sun/util/resources/LocaleData$LocaleDataResourceBundleProvider done
Event: 0.177 Loading class sun/util/resources/LocaleData$CommonResourceBundleProvider done
Event: 0.178 Loading class java/util/ResourceBundle$NoFallbackControl
Event: 0.178 Loading class java/util/ResourceBundle$SingleFormatControl
Event: 0.178 Loading class java/util/ResourceBundle$SingleFormatControl done
Event: 0.178 Loading class java/util/ResourceBundle$NoFallbackControl done

Classes unloaded (0 events):
No events

Classes redefined (0 events):
No events

Internal exceptions (0 events):
No events

VM Operations (0 events):
No events

Events (11 events):
Event: 0.044 Thread 0x000002a1215ffb40 Thread added: 0x000002a1215ffb40
Event: 0.074 Thread 0x000002a142498550 Thread added: 0x000002a142498550
Event: 0.074 Thread 0x000002a142499520 Thread added: 0x000002a142499520
Event: 0.076 Thread 0x000002a1424b96b0 Thread added: 0x000002a1424b96b0
Event: 0.076 Thread 0x000002a1424bc000 Thread added: 0x000002a1424bc000
Event: 0.076 Thread 0x000002a1424bd730 Thread added: 0x000002a1424bd730
Event: 0.076 Thread 0x000002a1424deab0 Thread added: 0x000002a1424deab0
Event: 0.076 Thread 0x000002a1424a6760 Thread added: 0x000002a1424a6760
Event: 0.076 Thread 0x000002a1424e9f20 Thread added: 0x000002a1424e9f20
Event: 0.105 Thread 0x000002a1426615e0 Thread added: 0x000002a1426615e0
Event: 0.112 Thread 0x000002a14266f650 Thread added: 0x000002a14266f650


Dynamic libraries:
0x00007ff7be610000 - 0x00007ff7be620000 	C:\Program Files\Java\jdk-20\bin\java.exe
0x00007ffbcf870000 - 0x00007ffbcfa87000 	C:\windows\SYSTEM32\ntdll.dll
0x00007ffbcf080000 - 0x00007ffbcf144000 	C:\windows\System32\KERNEL32.DLL
0x00007ffbcd130000 - 0x00007ffbcd4dd000 	C:\windows\System32\KERNELBASE.dll
0x00007ffbccc10000 - 0x00007ffbccd21000 	C:\windows\System32\ucrtbase.dll
0x00007ffba5970000 - 0x00007ffba5989000 	C:\Program Files\Java\jdk-20\bin\jli.dll
0x00007ffba57c0000 - 0x00007ffba57db000 	C:\Program Files\Java\jdk-20\bin\VCRUNTIME140.dll
0x00007ffbcea40000 - 0x00007ffbceaf2000 	C:\windows\System32\ADVAPI32.dll
0x00007ffbcf330000 - 0x00007ffbcf3d7000 	C:\windows\System32\msvcrt.dll
0x00007ffbcec00000 - 0x00007ffbceca9000 	C:\windows\System32\sechost.dll
0x00007ffbccd30000 - 0x00007ffbccd58000 	C:\windows\System32\bcrypt.dll
0x00007ffbcf1b0000 - 0x00007ffbcf2c4000 	C:\windows\System32\RPCRT4.dll
0x00007ffbcde10000 - 0x00007ffbcdfbe000 	C:\windows\System32\USER32.dll
0x00007ffbcce80000 - 0x00007ffbccea6000 	C:\windows\System32\win32u.dll
0x00007ffbcee90000 - 0x00007ffbceeb9000 	C:\windows\System32\GDI32.dll
0x00007ffbccd60000 - 0x00007ffbcce79000 	C:\windows\System32\gdi32full.dll
0x00007ffbb2ba0000 - 0x00007ffbb2e33000 	C:\windows\WinSxS\amd64_microsoft.windows.common-controls_6595b64144ccf1df_6.0.22621.3672_none_2713b9d173822955\COMCTL32.dll
0x00007ffbcd020000 - 0x00007ffbcd0ba000 	C:\windows\System32\msvcp_win.dll
0x00007ffbcc6f0000 - 0x00007ffbcc6fa000 	C:\windows\SYSTEM32\VERSION.dll
0x00007ffbcf6f0000 - 0x00007ffbcf721000 	C:\windows\System32\IMM32.DLL
0x00000000505d0000 - 0x00000000505dc000 	C:\Program Files (x86)\360\Total Security\safemon\SafeWrapper.dll
0x00007ffb3d6a0000 - 0x00007ffb3d732000 	C:\Program Files (x86)\360\Total Security\safemon\libzdtp64.dll
0x00007ffbcd5a0000 - 0x00007ffbcde07000 	C:\windows\System32\SHELL32.dll
0x00007ffbcedb0000 - 0x00007ffbcee0e000 	C:\windows\System32\SHLWAPI.dll
0x00007ffbbfd90000 - 0x00007ffbbfd9c000 	C:\Program Files\Java\jdk-20\bin\vcruntime140_1.dll
0x00007ffba43f0000 - 0x00007ffba447e000 	C:\Program Files\Java\jdk-20\bin\msvcp140.dll
0x00007ffae87e0000 - 0x00007ffae9477000 	C:\Program Files\Java\jdk-20\bin\server\jvm.dll
0x00007ffbac680000 - 0x00007ffbac689000 	C:\windows\SYSTEM32\WSOCK32.dll
0x00007ffbc5820000 - 0x00007ffbc5854000 	C:\windows\SYSTEM32\WINMM.dll
0x00007ffbcdfc0000 - 0x00007ffbce031000 	C:\windows\System32\WS2_32.dll
0x00007ffbcbb10000 - 0x00007ffbcbb28000 	C:\windows\SYSTEM32\kernel.appcore.dll
0x00007ffbb4ca0000 - 0x00007ffbb4caa000 	C:\Program Files\Java\jdk-20\bin\jimage.dll
0x00007ffbc7a50000 - 0x00007ffbc7c82000 	C:\windows\SYSTEM32\DBGHELP.DLL
0x00007ffbce6b0000 - 0x00007ffbcea3d000 	C:\windows\System32\combase.dll
0x00007ffbcf3e0000 - 0x00007ffbcf4b7000 	C:\windows\System32\OLEAUT32.dll
0x00007ffbc7a10000 - 0x00007ffbc7a42000 	C:\windows\SYSTEM32\dbgcore.DLL
0x00007ffbccb90000 - 0x00007ffbccc0b000 	C:\windows\System32\bcryptPrimitives.dll
0x00007ffba29c0000 - 0x00007ffba29e6000 	C:\Program Files\Java\jdk-20\bin\java.dll
0x00007ffb786e0000 - 0x00007ffb787b7000 	C:\Program Files\Java\jdk-20\bin\jsvml.dll
0x00007ffbcaa20000 - 0x00007ffbcb31e000 	C:\windows\SYSTEM32\windows.storage.dll
0x00007ffbca8e0000 - 0x00007ffbcaa1f000 	C:\windows\SYSTEM32\wintypes.dll
0x00007ffbceb00000 - 0x00007ffbcebf9000 	C:\windows\System32\SHCORE.dll
0x00007ffbccac0000 - 0x00007ffbccae1000 	C:\windows\SYSTEM32\profapi.dll

dbghelp: loaded successfully - version: 4.0.5 - missing functions: none
symbol engine: initialized successfully - sym options: 0x614 - pdb path: .;C:\Program Files\Java\jdk-20\bin;C:\windows\SYSTEM32;C:\windows\WinSxS\amd64_microsoft.windows.common-controls_6595b64144ccf1df_6.0.22621.3672_none_2713b9d173822955;C:\Program Files (x86)\360\Total Security\safemon;C:\Program Files\Java\jdk-20\bin\server

VM Arguments:
java_command: factorial
java_class_path (initial): .
Launcher Type: SUN_STANDARD

[Global flags]
     intx CICompilerCount                          = 4                                         {product} {ergonomic}
     uint ConcGCThreads                            = 3                                         {product} {ergonomic}
     uint G1ConcRefinementThreads                  = 10                                        {product} {ergonomic}
   size_t G1HeapRegionSize                         = 1048576                                   {product} {ergonomic}
    uintx GCDrainStackTargetSize                   = 64                                        {product} {ergonomic}
   size_t InitialHeapSize                          = 123731968                                 {product} {ergonomic}
   size_t MarkStackSize                            = 4194304                                   {product} {ergonomic}
   size_t MaxHeapSize                              = 1971322880                                {product} {ergonomic}
   size_t MaxNewSize                               = 1182793728                                {product} {ergonomic}
   size_t MinHeapDeltaBytes                        = 1048576                                   {product} {ergonomic}
   size_t MinHeapSize                              = 8388608                                   {product} {ergonomic}
    uintx NonNMethodCodeHeapSize                   = 5839372                                {pd product} {ergonomic}
    uintx NonProfiledCodeHeapSize                  = 122909434                              {pd product} {ergonomic}
    uintx ProfiledCodeHeapSize                     = 122909434                              {pd product} {ergonomic}
    uintx ReservedCodeCacheSize                    = 251658240                              {pd product} {ergonomic}
     bool SegmentedCodeCache                       = true                                      {product} {ergonomic}
   size_t SoftMaxHeapSize                          = 1971322880                             {manageable} {ergonomic}
     bool UseCompressedClassPointers               = true                           {product lp64_product} {ergonomic}
     bool UseCompressedOops                        = true                           {product lp64_product} {ergonomic}
     bool UseG1GC                                  = true                                      {product} {ergonomic}
     bool UseLargePagesIndividualAllocation        = false                                  {pd product} {ergonomic}

Logging:
Log output configuration:
 #0: stdout all=warning uptime,level,tags foldmultilines=false
 #1: stderr all=off uptime,level,tags foldmultilines=false

Environment Variables:
PATH=C:\Program Files\Common Files\Oracle\Java\javapath;C:\windows\system32;C:\windows;C:\windows\System32\Wbem;C:\windows\System32\WindowsPowerShell\v1.0\;C:\windows\System32\OpenSSH\;C:\Program Files (x86)\NVIDIA Corporation\PhysX\Common;C:\Program Files\NVIDIA Corporation\NVIDIA NvDLISR;C:\Program Files\Java\jdk-20\bin;C:\Users\ghosh\AppData\Local\Programs\Python\Python311\Scripts\;C:\Users\ghosh\AppData\Local\Programs\Python\Python311\;C:\Users\ghosh\AppData\Local\Microsoft\WindowsApps;C:\Users\ghosh\AppData\Local\Programs\Microsoft VS Code\bin;D:\bin;C:\Program Files\Java\jdk-20\bin;C:\Users\ghosh\OneDrive\Desktop\java programs\IntelliJ IDEA 2023.2\bin;
USERNAME=ghosh
LANG=en_US.UTF-8
OS=Windows_NT
PROCESSOR_IDENTIFIER=AMD64 Family 25 Model 80 Stepping 0, AuthenticAMD
TMP=C:\Users\ghosh\AppData\Local\Temp
TEMP=C:\Users\ghosh\AppData\Local\Temp




---------------  S Y S T E M  ---------------

OS:
 Windows 11 , 64 bit Build 22621 (10.0.22621.3958)
OS uptime: 1 days 4:53 hours
Hyper-V role detected

CPU: total 12 (initial active 12) (12 cores per cpu, 2 threads per core) family 25 model 80 stepping 0 microcode 0x0, cx8, cmov, fxsr, ht, mmx, 3dnowpref, sse, sse2, sse3, ssse3, sse4a, sse4.1, sse4.2, popcnt, lzcnt, tsc, tscinvbit, avx, avx2, aes, erms, clmul, bmi1, bmi2, adx, sha, fma, vzeroupper, clflush, clflushopt, hv, rdtscp, rdpid, fsrm, f16c, cet_ss

Memory: 4k page, system-wide physical 7519M (972M free)
TotalPageFile size 17839M (AvailPageFile size 1M)
current process WorkingSet (physical memory assigned to process): 33M, peak: 33M
current process commit charge ("private bytes"): 199M, peak: 199M

vm_info: Java HotSpot(TM) 64-Bit Server VM (20.0.1+9-29) for windows-amd64 JRE (20.0.1+9-29), built on 2023-03-07T13:56:11Z by "mach5one" with MS VC++ 17.1 (VS2022)

END.
