#
# There is insufficient memory for the Java Runtime Environment to continue.
# Native memory allocation (mmap) failed to map 123731968 bytes for G1 virtual space
# Possible reasons:
#   The system is out of physical RAM or swap space
#   The process is running with CompressedOops enabled, and the Java Heap may be blocking the growth of the native heap
# Possible solutions:
#   Reduce memory load on the system
#   Increase physical memory or swap space
#   Check if swap backing store is full
#   Decrease Java heap size (-Xmx/-Xms)
#   Decrease number of Java threads
#   Decrease Java thread stack sizes (-Xss)
#   Set larger code cache with -XX:ReservedCodeCacheSize=
#   JVM is running with Unscaled Compressed Oops mode in which the Java heap is
#     placed in the first 4GB address space. The Java Heap base address is the
#     maximum limit for the native heap growth. Please use -XX:HeapBaseMinAddress
#     to set the Java Heap base and to place the Java Heap above 4GB virtual address.
# This output file may be truncated or incomplete.
#
#  Out of Memory Error (os_windows.cpp:3528), pid=14216, tid=27228
#
# JRE version:  (20.0.1+9) (build )
# Java VM: Java HotSpot(TM) 64-Bit Server VM (20.0.1+9-29, mixed mode, sharing, tiered, compressed oops, compressed class ptrs, g1 gc, windows-amd64)
# No core dump will be written. Minidumps are not enabled by default on client versions of Windows
#

---------------  S U M M A R Y ------------

Command Line: factorial

Host: AMD Ryzen 5 5600H with Radeon Graphics         , 12 cores, 7G,  Windows 11 , 64 bit Build 22621 (10.0.22621.3958)
Time: Sun Aug 25 16:00:51 2024 India Standard Time elapsed time: 0.013332 seconds (0d 0h 0m 0s)

---------------  T H R E A D  ---------------

Current thread (0x00000245d68d0020):  JavaThread "Unknown thread" [_thread_in_vm, id=27228, stack(0x0000009723f00000,0x0000009724000000)]

Stack: [0x0000009723f00000,0x0000009724000000]
Native frames: (J=compiled Java code, j=interpreted, Vv=VM code, C=native code)
V  [jvm.dll+0x6bb95a]
V  [jvm.dll+0x8485fa]
V  [jvm.dll+0x84a1f5]
V  [jvm.dll+0x84a8f3]
V  [jvm.dll+0x280b0f]
V  [jvm.dll+0x6b86e9]
V  [jvm.dll+0x6ad2da]
V  [jvm.dll+0x35adf5]
V  [jvm.dll+0x363016]
V  [jvm.dll+0x3b3b3e]
V  [jvm.dll+0x3b3dc5]
V  [jvm.dll+0x32b50a]
V  [jvm.dll+0x32c32b]
V  [jvm.dll+0x8112bf]
V  [jvm.dll+0x3c0d91]
V  [jvm.dll+0x7fcfe3]
V  [jvm.dll+0x44c76f]
V  [jvm.dll+0x44e0e1]
C  [jli.dll+0x5287]
C  [ucrtbase.dll+0x29333]
C  [KERNEL32.DLL+0x1257d]
C  [ntdll.dll+0x5af28]


---------------  P R O C E S S  ---------------

Threads class SMR info:
_java_thread_list=0x00007ffae933a098, length=0, elements={
}

Java Threads: ( => current thread )

Other Threads:
  0x00000245d692bad0 WorkerThread "GC Thread#0" [stack: 0x0000009724000000,0x0000009724100000] [id=22412]
  0x00000245d693b680 ConcurrentGCThread "G1 Main Marker" [stack: 0x0000009724100000,0x0000009724200000] [id=27260]
  0x00000245d693d860 WorkerThread "G1 Conc#0" [stack: 0x0000009724200000,0x0000009724300000] [id=22388]

[error occurred during error reporting (printing all threads), id 0xc0000005, EXCEPTION_ACCESS_VIOLATION (0xc0000005) at pc=0x00007ffae8b1eb47]
VM state: not at safepoint (not fully initialized)

VM Mutex/Monitor currently owned by a thread:  ([mutex/lock_event])
[0x00000245d46aae60] Heap_lock - owner thread: 0x00000245d68d0020

Heap address: 0x000000008a800000, size: 1880 MB, Compressed Oops mode: 32-bit

CDS archive(s) mapped at: [0x0000000000000000-0x0000000000000000-0x0000000000000000), size 0, SharedBaseAddress: 0x0000000800000000, ArchiveRelocationMode: 0.
Narrow klass base: 0x0000000000000000, Narrow klass shift: 0, Narrow klass range: 0x0

GC Precious Log:
 CardTable entry size: 512
 Card Set container configuration: InlinePtr #cards 5 size 8 Array Of Cards #cards 12 size 40 Howl #buckets 4 coarsen threshold 1843 Howl Bitmap #cards 512 size 80 coarsen threshold 460 Card regions per heap region 1 cards per card region 2048

Heap:
 garbage-first heap   total 0K, used 0K [0x000000008a800000, 0x0000000100000000)
  region size 1024K, 0 young (0K), 0 survivors (0K)

[error occurred during error reporting (printing heap information), id 0xc0000005, EXCEPTION_ACCESS_VIOLATION (0xc0000005) at pc=0x00007ffae8ef3c59]
GC Heap History (0 events):
No events

Dll operation events (1 events):
Event: 0.008 Loaded shared library C:\Program Files\Java\jdk-20\bin\java.dll

Deoptimization events (0 events):
No events

Classes loaded (0 events):
No events

Classes unloaded (0 events):
No events

Classes redefined (0 events):
No events

Internal exceptions (0 events):
No events

VM Operations (0 events):
No events

Events (0 events):
No events


Dynamic libraries:
0x00007ff7be610000 - 0x00007ff7be620000 	C:\Program Files\Java\jdk-20\bin\java.exe
0x00007ffbcf870000 - 0x00007ffbcfa87000 	C:\windows\SYSTEM32\ntdll.dll
0x00007ffbcf080000 - 0x00007ffbcf144000 	C:\windows\System32\KERNEL32.DLL
0x00007ffbcd130000 - 0x00007ffbcd4dd000 	C:\windows\System32\KERNELBASE.dll
0x00007ffbccc10000 - 0x00007ffbccd21000 	C:\windows\System32\ucrtbase.dll
0x00007ffba5970000 - 0x00007ffba5989000 	C:\Program Files\Java\jdk-20\bin\jli.dll
0x00007ffba57c0000 - 0x00007ffba57db000 	C:\Program Files\Java\jdk-20\bin\VCRUNTIME140.dll
0x00007ffbcea40000 - 0x00007ffbceaf2000 	C:\windows\System32\ADVAPI32.dll
0x00007ffbcf330000 - 0x00007ffbcf3d7000 	C:\windows\System32\msvcrt.dll
0x00007ffbcec00000 - 0x00007ffbceca9000 	C:\windows\System32\sechost.dll
0x00007ffbccd30000 - 0x00007ffbccd58000 	C:\windows\System32\bcrypt.dll
0x00007ffbcf1b0000 - 0x00007ffbcf2c4000 	C:\windows\System32\RPCRT4.dll
0x00007ffbcde10000 - 0x00007ffbcdfbe000 	C:\windows\System32\USER32.dll
0x00007ffbcce80000 - 0x00007ffbccea6000 	C:\windows\System32\win32u.dll
0x00007ffbcee90000 - 0x00007ffbceeb9000 	C:\windows\System32\GDI32.dll
0x00007ffbccd60000 - 0x00007ffbcce79000 	C:\windows\System32\gdi32full.dll
0x00007ffbcd020000 - 0x00007ffbcd0ba000 	C:\windows\System32\msvcp_win.dll
0x00007ffbb2ba0000 - 0x00007ffbb2e33000 	C:\windows\WinSxS\amd64_microsoft.windows.common-controls_6595b64144ccf1df_6.0.22621.3672_none_2713b9d173822955\COMCTL32.dll
0x00007ffbcc6f0000 - 0x00007ffbcc6fa000 	C:\windows\SYSTEM32\VERSION.dll
0x00007ffbcf6f0000 - 0x00007ffbcf721000 	C:\windows\System32\IMM32.DLL
0x00000000505d0000 - 0x00000000505dc000 	C:\Program Files (x86)\360\Total Security\safemon\SafeWrapper.dll
0x00007ffb3d6a0000 - 0x00007ffb3d732000 	C:\Program Files (x86)\360\Total Security\safemon\libzdtp64.dll
0x00007ffbcd5a0000 - 0x00007ffbcde07000 	C:\windows\System32\SHELL32.dll
0x00007ffbcedb0000 - 0x00007ffbcee0e000 	C:\windows\System32\SHLWAPI.dll
0x00007ffbbfd90000 - 0x00007ffbbfd9c000 	C:\Program Files\Java\jdk-20\bin\vcruntime140_1.dll
0x00007ffba2340000 - 0x00007ffba23ce000 	C:\Program Files\Java\jdk-20\bin\msvcp140.dll
0x00007ffae87e0000 - 0x00007ffae9477000 	C:\Program Files\Java\jdk-20\bin\server\jvm.dll
0x00007ffbac680000 - 0x00007ffbac689000 	C:\windows\SYSTEM32\WSOCK32.dll
0x00007ffbc5820000 - 0x00007ffbc5854000 	C:\windows\SYSTEM32\WINMM.dll
0x00007ffbcdfc0000 - 0x00007ffbce031000 	C:\windows\System32\WS2_32.dll
0x00007ffbcbb10000 - 0x00007ffbcbb28000 	C:\windows\SYSTEM32\kernel.appcore.dll
0x00007ffbb4ca0000 - 0x00007ffbb4caa000 	C:\Program Files\Java\jdk-20\bin\jimage.dll
0x00007ffbc7a50000 - 0x00007ffbc7c82000 	C:\windows\SYSTEM32\DBGHELP.DLL
0x00007ffbce6b0000 - 0x00007ffbcea3d000 	C:\windows\System32\combase.dll
0x00007ffbcf3e0000 - 0x00007ffbcf4b7000 	C:\windows\System32\OLEAUT32.dll
0x00007ffbc7a10000 - 0x00007ffbc7a42000 	C:\windows\SYSTEM32\dbgcore.DLL
0x00007ffbccb90000 - 0x00007ffbccc0b000 	C:\windows\System32\bcryptPrimitives.dll
0x00007ffba45b0000 - 0x00007ffba45d6000 	C:\Program Files\Java\jdk-20\bin\java.dll

dbghelp: loaded successfully - version: 4.0.5 - missing functions: none
symbol engine: initialized successfully - sym options: 0x614 - pdb path: .;C:\Program Files\Java\jdk-20\bin;C:\windows\SYSTEM32;C:\windows\WinSxS\amd64_microsoft.windows.common-controls_6595b64144ccf1df_6.0.22621.3672_none_2713b9d173822955;C:\Program Files (x86)\360\Total Security\safemon;C:\Program Files\Java\jdk-20\bin\server

VM Arguments:
java_command: factorial
java_class_path (initial): .
Launcher Type: SUN_STANDARD

[Global flags]
     intx CICompilerCount                          = 4                                         {product} {ergonomic}
     uint ConcGCThreads                            = 3                                         {product} {ergonomic}
     uint G1ConcRefinementThreads                  = 10                                        {product} {ergonomic}
   size_t G1HeapRegionSize                         = 1048576                                   {product} {ergonomic}
    uintx GCDrainStackTargetSize                   = 64                                        {product} {ergonomic}
   size_t InitialHeapSize                          = 123731968                                 {product} {ergonomic}
   size_t MarkStackSize                            = 4194304                                   {product} {ergonomic}
   size_t MaxHeapSize                              = 1971322880                                {product} {ergonomic}
   size_t MinHeapDeltaBytes                        = 1048576                                   {product} {ergonomic}
   size_t MinHeapSize                              = 8388608                                   {product} {ergonomic}
    uintx NonNMethodCodeHeapSize                   = 5839372                                {pd product} {ergonomic}
    uintx NonProfiledCodeHeapSize                  = 122909434                              {pd product} {ergonomic}
    uintx ProfiledCodeHeapSize                     = 122909434                              {pd product} {ergonomic}
    uintx ReservedCodeCacheSize                    = 251658240                              {pd product} {ergonomic}
     bool SegmentedCodeCache                       = true                                      {product} {ergonomic}
   size_t SoftMaxHeapSize                          = 1971322880                             {manageable} {ergonomic}
     bool UseCompressedClassPointers               = true                           {product lp64_product} {ergonomic}
     bool UseCompressedOops                        = true                           {product lp64_product} {ergonomic}
     bool UseG1GC                                  = true                                      {product} {ergonomic}
     bool UseLargePagesIndividualAllocation        = false                                  {pd product} {ergonomic}

Logging:
Log output configuration:
 #0: stdout all=warning uptime,level,tags foldmultilines=false
 #1: stderr all=off uptime,level,tags foldmultilines=false

Environment Variables:
PATH=C:\Program Files\Common Files\Oracle\Java\javapath;C:\windows\system32;C:\windows;C:\windows\System32\Wbem;C:\windows\System32\WindowsPowerShell\v1.0\;C:\windows\System32\OpenSSH\;C:\Program Files (x86)\NVIDIA Corporation\PhysX\Common;C:\Program Files\NVIDIA Corporation\NVIDIA NvDLISR;C:\Program Files\Java\jdk-20\bin;C:\Users\ghosh\AppData\Local\Programs\Python\Python311\Scripts\;C:\Users\ghosh\AppData\Local\Programs\Python\Python311\;C:\Users\ghosh\AppData\Local\Microsoft\WindowsApps;C:\Users\ghosh\AppData\Local\Programs\Microsoft VS Code\bin;D:\bin;C:\Program Files\Java\jdk-20\bin;C:\Users\ghosh\OneDrive\Desktop\java programs\IntelliJ IDEA 2023.2\bin;
USERNAME=ghosh
LANG=en_US.UTF-8
OS=Windows_NT
PROCESSOR_IDENTIFIER=AMD64 Family 25 Model 80 Stepping 0, AuthenticAMD
TMP=C:\Users\ghosh\AppData\Local\Temp
TEMP=C:\Users\ghosh\AppData\Local\Temp




---------------  S Y S T E M  ---------------

OS:
 Windows 11 , 64 bit Build 22621 (10.0.22621.3958)
OS uptime: 1 days 4:55 hours
Hyper-V role detected

CPU: total 12 (initial active 12) (12 cores per cpu, 2 threads per core) family 25 model 80 stepping 0 microcode 0x0, cx8, cmov, fxsr, ht, mmx, 3dnowpref, sse, sse2, sse3, ssse3, sse4a, sse4.1, sse4.2, popcnt, lzcnt, tsc, tscinvbit, avx, avx2, aes, erms, clmul, bmi1, bmi2, adx, sha, fma, vzeroupper, clflush, clflushopt, hv, rdtscp, rdpid, fsrm, f16c, cet_ss

Memory: 4k page, system-wide physical 7519M (975M free)
TotalPageFile size 17839M (AvailPageFile size 92M)
current process WorkingSet (physical memory assigned to process): 12M, peak: 12M
current process commit charge ("private bytes"): 64M, peak: 182M

vm_info: Java HotSpot(TM) 64-Bit Server VM (20.0.1+9-29) for windows-amd64 JRE (20.0.1+9-29), built on 2023-03-07T13:56:11Z by "mach5one" with MS VC++ 17.1 (VS2022)

END.
